<?xml version="1.0" encoding="UTF-8"?>
<testsuite name="edu.handong.csee.pp1.bigdata.lab1_1.CalculatorTest" tests="1" skipped="0" failures="0" errors="0" timestamp="2018-10-02T12:06:22" hostname="Jaewonui-MacBook-Pro.local" time="0.002">
  <properties/>
  <testcase name="testDivide" classname="edu.handong.csee.pp1.bigdata.lab1_1.CalculatorTest" time="0.002"/>
  <system-out><![CDATA[]]></system-out>
  <system-err><![CDATA[]]></system-err>
</testsuite>
